2022-03-11 15:03:01,392 INFO werkzeug MainThread :  * Running on http://127.0.0.1:5000/ (Press CTRL+C to quit)
2022-03-11 15:03:01,393 INFO werkzeug MainThread :  * Restarting with stat
2022-03-11 15:03:11,658 INFO werkzeug MainThread :  * Detected change in '/home/user/Project/new-tech-003-part3/flask2/views/auth.py', reloading
2022-03-11 15:03:11,765 INFO werkzeug MainThread :  * Restarting with stat
2022-03-11 15:03:20,894 INFO werkzeug MainThread :  * Detected change in '/home/user/Project/new-tech-003-part3/flask2/views/auth.py', reloading
2022-03-11 15:03:21,014 INFO werkzeug MainThread :  * Restarting with stat
2022-03-11 15:03:24,010 INFO werkzeug MainThread :  * Detected change in '/home/user/Project/new-tech-003-part3/flask2/views/auth.py', reloading
2022-03-11 15:03:24,157 INFO werkzeug MainThread :  * Restarting with stat
2022-03-11 15:03:32,354 INFO werkzeug MainThread :  * Detected change in '/home/user/Project/new-tech-003-part3/flask2/views/auth.py', reloading
2022-03-11 15:03:32,477 INFO werkzeug MainThread :  * Restarting with stat
2022-03-11 15:12:56,284 INFO werkzeug MainThread :  * Running on http://127.0.0.1:5000/ (Press CTRL+C to quit)
2022-03-11 15:12:56,285 INFO werkzeug MainThread :  * Restarting with stat
2022-03-11 15:14:16,636 INFO werkzeug MainThread :  * Detected change in '/home/user/Project/new-tech-003-part3/flask2/views/auth.py', reloading
2022-03-11 15:14:16,744 INFO werkzeug MainThread :  * Restarting with stat
2022-03-11 15:14:19,687 INFO werkzeug MainThread :  * Running on http://127.0.0.1:5000/ (Press CTRL+C to quit)
2022-03-11 15:14:19,688 INFO werkzeug MainThread :  * Restarting with stat
2022-03-11 15:14:43,480 INFO werkzeug Thread-3 : 127.0.0.1 - - [11/Mar/2022 15:14:43] "[33mGET / HTTP/1.1[0m" 404 -
2022-03-11 15:14:51,055 INFO werkzeug Thread-4 : 127.0.0.1 - - [11/Mar/2022 15:14:51] "[35m[1mPOST /signin HTTP/1.1[0m" 500 -
2022-03-11 15:14:55,969 INFO werkzeug Thread-5 : 127.0.0.1 - - [11/Mar/2022 15:14:55] "[31m[1mPOST /signup HTTP/1.1[0m" 422 -
2022-03-11 15:15:44,902 WARNING main Thread-6 : can't concat str to bytes
2022-03-11 15:15:44,903 INFO werkzeug Thread-6 : 127.0.0.1 - - [11/Mar/2022 15:15:44] "[35m[1mPOST /signup HTTP/1.1[0m" 500 -
2022-03-11 15:16:14,059 INFO werkzeug MainThread :  * Detected change in '/home/user/Project/new-tech-003-part3/flask2/views/auth.py', reloading
2022-03-11 15:16:14,192 INFO werkzeug MainThread :  * Restarting with stat
2022-03-11 15:16:16,700 INFO werkzeug Thread-3 : 127.0.0.1 - - [11/Mar/2022 15:16:16] "POST /signup HTTP/1.1" 200 -
2022-03-11 15:16:32,543 INFO werkzeug Thread-4 : 127.0.0.1 - - [11/Mar/2022 15:16:32] "POST /forgot-password HTTP/1.1" 200 -
2022-03-11 15:16:38,575 INFO werkzeug Thread-5 : 127.0.0.1 - - [11/Mar/2022 15:16:38] "[31m[1mPOST /forgot-password HTTP/1.1[0m" 422 -
2022-03-11 15:16:41,586 INFO werkzeug Thread-6 : 127.0.0.1 - - [11/Mar/2022 15:16:41] "POST /forgot-password HTTP/1.1" 200 -
2022-03-11 15:17:02,048 INFO werkzeug MainThread :  * Detected change in '/home/user/Project/new-tech-003-part3/flask2/views/auth.py', reloading
2022-03-11 15:17:02,212 INFO werkzeug MainThread :  * Restarting with stat
2022-03-11 15:17:03,890 INFO werkzeug Thread-3 : 127.0.0.1 - - [11/Mar/2022 15:17:03] "POST /forgot-password HTTP/1.1" 200 -
2022-03-11 15:18:01,794 INFO werkzeug MainThread :  * Detected change in '/home/user/Project/new-tech-003-part3/flask2/views/auth.py', reloading
2022-03-11 15:18:01,969 INFO werkzeug MainThread :  * Restarting with stat
2022-03-11 15:18:41,608 INFO werkzeug MainThread :  * Detected change in '/home/user/Project/new-tech-003-part3/flask2/views/auth.py', reloading
2022-03-11 15:18:41,726 INFO werkzeug MainThread :  * Restarting with stat
2022-03-11 15:18:53,077 INFO werkzeug MainThread :  * Detected change in '/home/user/Project/new-tech-003-part3/flask2/views/auth.py', reloading
2022-03-11 15:18:53,212 INFO werkzeug MainThread :  * Restarting with stat
2022-03-11 15:18:57,243 INFO werkzeug MainThread :  * Detected change in '/home/user/Project/new-tech-003-part3/flask2/views/auth.py', reloading
2022-03-11 15:18:57,362 INFO werkzeug MainThread :  * Restarting with stat
2022-03-11 15:18:59,171 INFO werkzeug Thread-3 : 127.0.0.1 - - [11/Mar/2022 15:18:59] "POST /forgot-password HTTP/1.1" 200 -
2022-03-11 15:19:54,252 INFO werkzeug MainThread :  * Detected change in '/home/user/Project/new-tech-003-part3/flask2/views/auth.py', reloading
2022-03-11 15:19:54,381 INFO werkzeug MainThread :  * Restarting with stat
2022-03-11 15:20:05,655 INFO werkzeug MainThread :  * Detected change in '/home/user/Project/new-tech-003-part3/flask2/seeders/user_seeder.py', reloading
2022-03-11 15:20:05,789 INFO werkzeug MainThread :  * Restarting with stat
2022-03-11 15:26:05,432 INFO werkzeug MainThread :  * Running on http://127.0.0.1:5000/ (Press CTRL+C to quit)
2022-03-11 15:26:05,433 INFO werkzeug MainThread :  * Restarting with stat
2022-03-11 15:26:23,936 INFO werkzeug MainThread :  * Detected change in '/home/user/Project/new-tech-003-part3/flask2/views/auth.py', reloading
2022-03-11 15:26:24,075 INFO werkzeug MainThread :  * Restarting with stat
2022-03-11 15:26:39,452 INFO werkzeug MainThread :  * Detected change in '/home/user/Project/new-tech-003-part3/flask2/views/auth.py', reloading
2022-03-11 15:26:39,559 INFO werkzeug MainThread :  * Restarting with stat
2022-03-11 15:27:14,529 INFO werkzeug MainThread :  * Detected change in '/home/user/Project/new-tech-003-part3/flask2/views/auth.py', reloading
2022-03-11 15:27:14,646 INFO werkzeug MainThread :  * Restarting with stat
2022-03-11 15:27:20,702 INFO werkzeug MainThread :  * Detected change in '/home/user/Project/new-tech-003-part3/flask2/views/auth.py', reloading
2022-03-11 15:27:20,812 INFO werkzeug MainThread :  * Restarting with stat
2022-03-11 15:28:11,261 INFO werkzeug MainThread :  * Detected change in '/home/user/Project/new-tech-003-part3/flask2/views/auth.py', reloading
2022-03-11 15:28:11,390 INFO werkzeug MainThread :  * Restarting with stat
2022-03-11 15:29:36,012 INFO werkzeug MainThread :  * Detected change in '/home/user/Project/new-tech-003-part3/flask2/views/auth.py', reloading
2022-03-11 15:29:36,119 INFO werkzeug MainThread :  * Restarting with stat
2022-03-11 15:29:42,305 INFO werkzeug MainThread :  * Detected change in '/home/user/Project/new-tech-003-part3/flask2/views/auth.py', reloading
2022-03-11 15:29:42,408 INFO werkzeug MainThread :  * Restarting with stat
2022-03-11 15:29:53,632 INFO werkzeug MainThread :  * Detected change in '/home/user/Project/new-tech-003-part3/flask2/views/auth.py', reloading
2022-03-11 15:29:53,760 INFO werkzeug MainThread :  * Restarting with stat
2022-03-11 15:29:57,638 INFO werkzeug MainThread :  * Detected change in '/home/user/Project/new-tech-003-part3/flask2/views/auth.py', reloading
2022-03-11 15:29:57,743 INFO werkzeug MainThread :  * Restarting with stat
2022-03-11 15:30:05,906 INFO werkzeug MainThread :  * Detected change in '/home/user/Project/new-tech-003-part3/flask2/views/auth.py', reloading
2022-03-11 15:30:06,017 INFO werkzeug MainThread :  * Restarting with stat
2022-03-11 15:30:25,528 INFO werkzeug MainThread :  * Detected change in '/home/user/Project/new-tech-003-part3/flask2/views/auth.py', reloading
2022-03-11 15:30:25,652 INFO werkzeug MainThread :  * Restarting with stat
2022-03-11 15:30:54,548 INFO werkzeug MainThread :  * Detected change in '/home/user/Project/new-tech-003-part3/flask2/validators/reset_password_validator.py', reloading
2022-03-11 15:30:54,666 INFO werkzeug MainThread :  * Restarting with stat
2022-03-11 15:31:23,485 INFO werkzeug MainThread :  * Detected change in '/home/user/Project/new-tech-003-part3/flask2/validators/reset_password_validator.py', reloading
2022-03-11 15:31:23,594 INFO werkzeug MainThread :  * Restarting with stat
2022-03-11 15:31:29,620 INFO werkzeug MainThread :  * Detected change in '/home/user/Project/new-tech-003-part3/flask2/validators/reset_password_validator.py', reloading
2022-03-11 15:31:29,732 INFO werkzeug MainThread :  * Restarting with stat
2022-03-11 15:31:32,749 INFO werkzeug MainThread :  * Detected change in '/home/user/Project/new-tech-003-part3/flask2/validators/reset_password_validator.py', reloading
2022-03-11 15:31:32,859 INFO werkzeug MainThread :  * Restarting with stat
2022-03-11 15:31:43,165 INFO werkzeug MainThread :  * Detected change in '/home/user/Project/new-tech-003-part3/flask2/validators/reset_password_validator.py', reloading
2022-03-11 15:31:43,276 INFO werkzeug MainThread :  * Restarting with stat
2022-03-11 15:32:00,660 INFO werkzeug MainThread :  * Detected change in '/home/user/Project/new-tech-003-part3/flask2/validators/reset_password_validator.py', reloading
2022-03-11 15:32:00,790 INFO werkzeug MainThread :  * Restarting with stat
2022-03-11 15:32:02,935 INFO werkzeug MainThread :  * Detected change in '/home/user/Project/new-tech-003-part3/flask2/validators/reset_password_validator.py', reloading
2022-03-11 15:32:03,053 INFO werkzeug MainThread :  * Restarting with stat
2022-03-11 15:33:16,375 INFO werkzeug MainThread :  * Detected change in '/home/user/Project/new-tech-003-part3/flask2/views/auth.py', reloading
2022-03-11 15:33:16,489 INFO werkzeug MainThread :  * Restarting with stat
2022-03-11 15:33:36,368 INFO werkzeug MainThread :  * Detected change in '/home/user/Project/new-tech-003-part3/flask2/views/auth.py', reloading
2022-03-11 15:33:36,500 INFO werkzeug MainThread :  * Restarting with stat
2022-03-11 15:33:41,423 INFO werkzeug MainThread :  * Detected change in '/home/user/Project/new-tech-003-part3/flask2/views/auth.py', reloading
2022-03-11 15:33:41,554 INFO werkzeug MainThread :  * Restarting with stat
2022-03-11 15:34:58,891 INFO werkzeug MainThread :  * Detected change in '/home/user/Project/new-tech-003-part3/flask2/views/auth.py', reloading
2022-03-11 15:34:59,022 INFO werkzeug MainThread :  * Restarting with stat
2022-03-11 15:35:01,048 INFO werkzeug MainThread :  * Detected change in '/home/user/Project/new-tech-003-part3/flask2/views/auth.py', reloading
2022-03-11 15:35:01,144 INFO werkzeug MainThread :  * Restarting with stat
2022-03-11 15:35:02,965 INFO werkzeug MainThread :  * Detected change in '/home/user/Project/new-tech-003-part3/flask2/views/auth.py', reloading
2022-03-11 15:35:03,067 INFO werkzeug MainThread :  * Restarting with stat
2022-03-11 15:35:12,142 INFO werkzeug MainThread :  * Detected change in '/home/user/Project/new-tech-003-part3/flask2/views/auth.py', reloading
2022-03-11 15:35:12,250 INFO werkzeug MainThread :  * Restarting with stat
2022-03-11 15:35:28,607 INFO werkzeug MainThread :  * Detected change in '/home/user/Project/new-tech-003-part3/flask2/views/auth.py', reloading
2022-03-11 15:35:28,713 INFO werkzeug MainThread :  * Restarting with stat
2022-03-11 15:35:43,204 INFO werkzeug MainThread :  * Detected change in '/home/user/Project/new-tech-003-part3/flask2/views/auth.py', reloading
2022-03-11 15:35:43,313 INFO werkzeug MainThread :  * Restarting with stat
2022-03-11 15:35:48,318 INFO werkzeug MainThread :  * Detected change in '/home/user/Project/new-tech-003-part3/flask2/views/auth.py', reloading
2022-03-11 15:35:48,424 INFO werkzeug MainThread :  * Restarting with stat
2022-03-11 15:35:50,318 INFO werkzeug MainThread :  * Detected change in '/home/user/Project/new-tech-003-part3/flask2/views/auth.py', reloading
2022-03-11 15:35:50,415 INFO werkzeug MainThread :  * Restarting with stat
